<?xml version="1.0" encoding="UTF-8"?>
<!-- Generated by org.testng.reporters.JUnitReportReporter -->
<testsuite hostname="JaipalChaudhary" failures="0" tests="1" name="testcasepckg1.HomePage" time="63.898" errors="0" timestamp="18 Apr 2020 15:03:02 GMT">
  <testcase classname="testcasepckg1.HomePage" name="BasePageNaviation" time="63.898"/>
</testsuite> <!-- testcasepckg1.HomePage -->
