<?xml version="1.0" encoding="UTF-8"?>
<!-- Generated by org.testng.reporters.JUnitReportReporter -->
<testsuite hostname="JaipalChaudhary" failures="0" tests="1" name="testcasepckg1.HomePage" time="46.088" errors="0" timestamp="26 Apr 2020 10:30:57 GMT">
  <testcase classname="testcasepckg1.HomePage" name="BasePageNaviation" time="46.088"/>
</testsuite> <!-- testcasepckg1.HomePage -->
